APPLICATION	CarMaker_AV_Challenge #31 (linux64-11.1)
COMPILED	ave@ave-ofel 2023-03-24 15:24:44
 
		CMRosIF: Initialization (v0.6.8-CM7.1.2)
		CMRosIF: Read parameters from 'Data/Config/CMRosIFParameters'
		CMRosIF: Loaded library 'ros/ros1_ws/devel/lib/libCMNode_ROS1.so'
		Initialize CarMaker ROS Node
		  -> Node Version = 00800
		  -> ROS Version  = 1064960
		  -> CM Version   = 110100
		  -> Provide simulation time!
		    -> Publish '/clock' every 100ms
		  -> Publish '/UAQ_Out'
		  -> Publish '/Bbox_Out'
		  -> Publish '/Tsign_Out'
		  -> Publish '/Pose_Out'
		  -> Publish '/Imu_Out'
		Initialization of ROS Node finished!
		  -> Node Name = '/CarMaker'
		  -> Namespace = '/'
		  -> Advertised Topics (9)
		    -> /rosout
		    -> /clock
		    -> /UAQ_Out
		    -> /Bbox_Out
		    -> /Tsign_Out
		    -> /Pose_Out
		    -> /Imu_Out
		    -> /tf
		    -> /tf_static
		  -> Subscribed Topics (0)
		CMRosIF_CMNode_MyFunc: Here is my own function from the CarMaker ROS Node library!
WARNING		/opt/ipg/etc/Licenses.dat: Problem found in license file
		> Line 186: unexpected keyword: ################################################################################
FIRST_INIT	(internal default used)	2023-03-24 15:38:36
TIME	0.000
		No LidarRSI detected!
		FName = (no associated file)
		errCode = 0
		CarMaker ROS Node is disabled!
SIM_END			0s	0m
IDLE	15:38:37
TIME	4.070
		A3:127.0.0.1.1 registered
SIM_START	2023_Test_speedway	2023-03-24 15:39:18
TIME	0.006
		No LidarRSI detected!
		FName = Data/Vehicle/Demo_Hyundai_Ioniq_5_Sensor_230125
		errCode = 0
		CarMaker ROS Node is enabled! Mode=1, SyncMode=0
		  -> Node Name = /CarMaker
		  -> Publish /clock every 100ms
		External ROS Node is ready to simulate
		No LidarRSI detected!
		
Vehicle control module:
		Port of UDP_InSocket of Vehicle control: 50302
		
Vehicle Info UDP module:
		IP: localhost
		Port: 50301
		Vehicle Info Cycle time: 100 [ms]
TIME	0.000
SIMULATE	2023_Test_speedway

ERROR		Caught signal SIGSEGV (11)
WARNING	Simulation program terminates
