APPLICATION	CarMaker_AV_Challenge #25 (linux64-11.1)
COMPILED	ave@ave-ofel 2023-03-24 14:48:14
 
		CMRosIF: Initialization (v0.6.8-CM7.1.2)
		CMRosIF: Read parameters from 'Data/Config/CMRosIFParameters'
		CMRosIF: Loaded library 'ros/ros1_ws/devel/lib/libCMNode_ROS1.so'
		Initialize CarMaker ROS Node
		  -> Node Version = 00800
		  -> ROS Version  = 1064960
		  -> CM Version   = 110100
		  -> Provide simulation time!
		    -> Publish '/clock' every 100ms
		  -> Publish '/UAQ_Out'
		Initialization of ROS Node finished!
		  -> Node Name = '/CarMaker'
		  -> Namespace = '/'
		  -> Advertised Topics (5)
		    -> /rosout
		    -> /clock
		    -> /UAQ_Out
		    -> /tf
		    -> /tf_static
		  -> Subscribed Topics (0)
		CMRosIF_CMNode_MyFunc: Here is my own function from the CarMaker ROS Node library!
WARNING		/opt/ipg/etc/Licenses.dat: Problem found in license file
		> Line 186: unexpected keyword: ################################################################################
FIRST_INIT	(internal default used)	2023-03-24 14:54:11
TIME	0.000
		No LidarRSI detected!
		FName = (no associated file)
		errCode = 0
		CarMaker ROS Node is disabled!
SIM_END			0s	0m
IDLE	14:54:12
		A2:127.0.0.1.1 registered
		A3:127.0.0.1.2 registered
SIM_START	AV_Challenge_Sensor_PerformanceBenchmark	2023-03-24 14:54:20
TIME	0.003
		Sensor Kind[0]: VLP_16
		Sensor Kind[1]: VLP_64
		
Lidar module:
		Amount of LidarRSI sensors: 2
		FName = Data/Vehicle/Demo_Hyundai_Ioniq_5_Sensor_230125
		errCode = 0
		CarMaker ROS Node is enabled! Mode=1, SyncMode=0
		  -> Node Name = /CarMaker
		  -> Publish /clock every 100ms
		External ROS Node is ready to simulate
		
Lidar module:
		Amount of LidarRSI sensors: 2
		Sensor Kind[0]: VLP_16
		IP: localhost
		Port: 50001
		BeamFile[0]: Data/Sensor/LidarRSI_VLP_16_360deg
		Sensor Kind[1]: VLP_64
		IP: localhost
		Port: 50002
		BeamFile[1]: Data/Sensor/LidarRSI_VLP_64_360deg
		
Vehicle control module:
		Port of UDP_InSocket of Vehicle control: 50302
		
Vehicle Info UDP module:
		IP: localhost
		Port: 50301
		Vehicle Info Cycle time: 100 [ms]
		Current random seed value = 1679637260
TIME	0.000
SIMULATE	AV_Challenge_Sensor_PerformanceBenchmark

WARNING		CameraRSI: VDS client not running on simulation start. (-60)
TIME	8.390
WARNING		ObjectByLane Sensor 'TSS30': POI is on a junction but not within bounds of the driving path. No information about objects can be collected outside the bounds. IPGDriver may not work correctly in this case.
TIME	198.033
ERROR		GPUSensor A3:127.0.0.1.2: Connection lost
SIM_ABORT	AV_Challenge_Sensor_PerformanceBenchmark	198.034s	1387.25m
		Connection to GUI lost, initiate shutdown
SHUTDOWN	Automatic CarMaker shutdown initiated

ERROR		Caught signal SIGSEGV (11)
WARNING	Simulation program terminates
