

SYSTEM_START	-	ave-ofel	ave-ofel	2023-03-24 14:54:11


SYSTEM_INFO	CarMaker_AV_Challenge #25	ave@ave-ofel 2023-03-24 14:48:14	(11.1 jetbrains@b979f2f8d573 2022-10-19 14:38:53)
SIM	1679637251	ave-ofel			0	0	0
SIM	1679637260	ave-ofel	ave	AV_Challenge_Sensor_PerformanceBenchmark	1	198.034	1387.25


SYSTEM_START	-	ave-ofel	ave-ofel	2023-03-24 15:12:05


SYSTEM_INFO	CarMaker_AV_Challenge #26	ave@ave-ofel 2023-03-24 15:05:36	(11.1 jetbrains@b979f2f8d573 2022-10-19 14:38:53)
SIM	1679638325	ave-ofel			0	0	0


SYSTEM_START	-	ave-ofel	ave-ofel	2023-03-24 15:29:45


SYSTEM_INFO	CarMaker_AV_Challenge #31	ave@ave-ofel 2023-03-24 15:24:44	(11.1 jetbrains@b979f2f8d573 2022-10-19 14:38:53)


SYSTEM_START	-	ave-ofel	ave-ofel	2023-03-24 15:29:54


SYSTEM_INFO	CarMaker_AV_Challenge #31	ave@ave-ofel 2023-03-24 15:24:44	(11.1 jetbrains@b979f2f8d573 2022-10-19 14:38:53)
SIM	1679639394	ave-ofel			0	0	0


SYSTEM_START	-	ave-ofel	ave-ofel	2023-03-24 15:31:08


SYSTEM_INFO	CarMaker_AV_Challenge #31	ave@ave-ofel 2023-03-24 15:24:44	(11.1 jetbrains@b979f2f8d573 2022-10-19 14:38:53)
SIM	1679639468	ave-ofel			0	0	0


SYSTEM_START	-	ave-ofel	ave-ofel	2023-03-24 15:32:10


SYSTEM_INFO	CarMaker_AV_Challenge #31	ave@ave-ofel 2023-03-24 15:24:44	(11.1 jetbrains@b979f2f8d573 2022-10-19 14:38:53)
SIM	1679639530	ave-ofel			0	0	0


SYSTEM_START	-	ave-ofel	ave-ofel	2023-03-24 15:32:57


SYSTEM_INFO	CarMaker_AV_Challenge #31	ave@ave-ofel 2023-03-24 15:24:44	(11.1 jetbrains@b979f2f8d573 2022-10-19 14:38:53)
SIM	1679639577	ave-ofel			0	0	0


SYSTEM_START	-	ave-ofel	ave-ofel	2023-03-24 15:33:25


SYSTEM_INFO	CarMaker_AV_Challenge #31	ave@ave-ofel 2023-03-24 15:24:44	(11.1 jetbrains@b979f2f8d573 2022-10-19 14:38:53)
SIM	1679639605	ave-ofel			0	0	0


SYSTEM_START	-	ave-ofel	ave-ofel	2023-03-24 15:33:45


SYSTEM_INFO	CarMaker_AV_Challenge #31	ave@ave-ofel 2023-03-24 15:24:44	(11.1 jetbrains@b979f2f8d573 2022-10-19 14:38:53)
SIM	1679639625	ave-ofel			0	0	0


SYSTEM_START	-	ave-ofel	ave-ofel	2023-03-24 15:34:10


SYSTEM_INFO	CarMaker_AV_Challenge #31	ave@ave-ofel 2023-03-24 15:24:44	(11.1 jetbrains@b979f2f8d573 2022-10-19 14:38:53)
SIM	1679639650	ave-ofel			0	0	0


SYSTEM_START	-	ave-ofel	ave-ofel	2023-03-24 15:34:44


SYSTEM_INFO	CarMaker_AV_Challenge #31	ave@ave-ofel 2023-03-24 15:24:44	(11.1 jetbrains@b979f2f8d573 2022-10-19 14:38:53)
SIM	1679639684	ave-ofel			0	0	0
SIM	1679639687	ave-ofel	ave	AV_Challenge_Sensor_PerformanceBenchmark	1	0	0


SYSTEM_START	-	ave-ofel	ave-ofel	2023-03-24 15:35:08


SYSTEM_INFO	CarMaker_AV_Challenge #31	ave@ave-ofel 2023-03-24 15:24:44	(11.1 jetbrains@b979f2f8d573 2022-10-19 14:38:53)
SIM	1679639708	ave-ofel			0	0	0


SYSTEM_START	-	ave-ofel	ave-ofel	2023-03-24 15:36:07


SYSTEM_INFO	CarMaker_AV_Challenge #31	ave@ave-ofel 2023-03-24 15:24:44	(11.1 jetbrains@b979f2f8d573 2022-10-19 14:38:53)
SIM	1679639767	ave-ofel			0	0	0


SYSTEM_START	-	ave-ofel	ave-ofel	2023-03-24 15:37:40


SYSTEM_INFO	CarMaker_AV_Challenge #31	ave@ave-ofel 2023-03-24 15:24:44	(11.1 jetbrains@b979f2f8d573 2022-10-19 14:38:53)
SIM	1679639860	ave-ofel			0	0	0


SYSTEM_START	-	ave-ofel	ave-ofel	2023-03-24 15:38:36


SYSTEM_INFO	CarMaker_AV_Challenge #31	ave@ave-ofel 2023-03-24 15:24:44	(11.1 jetbrains@b979f2f8d573 2022-10-19 14:38:53)
SIM	1679639916	ave-ofel			0	0	0


SYSTEM_START	-	ave-ofel	ave-ofel	2023-03-24 15:40:55


SYSTEM_INFO	CarMaker_AV_Challenge #31	ave@ave-ofel 2023-03-24 15:24:44	(11.1 jetbrains@b979f2f8d573 2022-10-19 14:38:53)
SIM	1679640055	ave-ofel			0	0	0
SIM	1679640057	ave-ofel	ave	2023_Test_speedway	1	0	0
SIM	1679640071	ave-ofel	ave	2023_Test_speedway	1	0	0
SIM	1679640149	ave-ofel	ave	2023_Test_speedway	1	0	0


SYSTEM_START	-	ave-ofel	ave-ofel	2023-03-24 15:43:39


SYSTEM_INFO	CarMaker_AV_Challenge #31	ave@ave-ofel 2023-03-24 15:24:44	(11.1 jetbrains@b979f2f8d573 2022-10-19 14:38:53)
SIM	1679640219	ave-ofel			0	0	0


SYSTEM_START	-	ave-ofel	ave-ofel	2023-03-24 15:43:47


SYSTEM_INFO	CarMaker_AV_Challenge #31	ave@ave-ofel 2023-03-24 15:24:44	(11.1 jetbrains@b979f2f8d573 2022-10-19 14:38:53)
SIM	1679640227	ave-ofel			0	0	0


SYSTEM_START	-	ave-ofel	ave-ofel	2023-03-24 16:05:55


SYSTEM_INFO	CarMaker_AV_Challenge #31	ave@ave-ofel 2023-03-24 15:24:44	(11.1 jetbrains@b979f2f8d573 2022-10-19 14:38:53)
SIM	1679641555	ave-ofel			0	0	0


SYSTEM_START	-	ave-ofel	ave-ofel	2023-03-24 16:07:24


SYSTEM_INFO	CarMaker_AV_Challenge #32	ave@ave-ofel 2023-03-24 16:06:47	(11.1 jetbrains@b979f2f8d573 2022-10-19 14:38:53)


SYSTEM_START	-	ave-ofel	ave-ofel	2023-03-24 16:07:53


SYSTEM_INFO	CarMaker_AV_Challenge #32	ave@ave-ofel 2023-03-24 16:06:47	(11.1 jetbrains@b979f2f8d573 2022-10-19 14:38:53)
SIM	1679641673	ave-ofel			0	0	0


SYSTEM_START	-	ave-ofel	ave-ofel	2023-03-24 16:07:55


SYSTEM_INFO	CarMaker_AV_Challenge #32	ave@ave-ofel 2023-03-24 16:06:47	(11.1 jetbrains@b979f2f8d573 2022-10-19 14:38:53)
SIM	1679641675	ave-ofel			0	0	0


SYSTEM_START	-	ave-ofel	ave-ofel	2023-03-24 16:08:41


SYSTEM_INFO	CarMaker_AV_Challenge #32	ave@ave-ofel 2023-03-24 16:06:47	(11.1 jetbrains@b979f2f8d573 2022-10-19 14:38:53)
SIM	1679641721	ave-ofel			0	0	0


SYSTEM_START	-	ave-ofel	ave-ofel	2023-03-24 16:11:30


SYSTEM_INFO	CarMaker_AV_Challenge #32	ave@ave-ofel 2023-03-24 16:06:47	(11.1 jetbrains@b979f2f8d573 2022-10-19 14:38:53)
SIM	1679641890	ave-ofel			0	0	0
SIM	1679641892	ave-ofel	ave	2023_Test_speedway	0	67.76	1058.61
SIM	1679641994	ave-ofel	ave	2023_Test_speedway	0	6.859	52.7296
SIM	1679642025	ave-ofel	ave	2023_Test_speedway	0	26.681	509.869
SIM	1679642192	ave-ofel	ave	2023_Test_speedway	0	632.656	10016.4
SIM	1679643169	ave-ofel	ave	2023_Test_speedway	0	20.566	348.7
SIM	1679643197	ave-ofel	ave	2023_Test_speedway	2	5396.43	86248.2


SYSTEM_START	-	ave-ofel	ave-ofel	2023-03-27 22:22:16


SYSTEM_INFO	CarMaker_AV_Challenge #32	ave@ave-ofel 2023-03-24 16:06:47	(11.1 jetbrains@b979f2f8d573 2022-10-19 14:38:53)


SYSTEM_START	-	ave-ofel	ave-ofel	2023-03-27 22:26:15


SYSTEM_INFO	CarMaker_AV_Challenge #32	ave@ave-ofel 2023-03-24 16:06:47	(11.1 jetbrains@b979f2f8d573 2022-10-19 14:38:53)
SIM	1679923575	ave-ofel			0	0	0
SIM	1679923577	ave-ofel	ave	AV_Challenge_Sensor_PerformanceBenchmark	0	107.997	689.614


SYSTEM_START	-	ave-ofel	ave-ofel	2023-03-27 22:28:27


SYSTEM_INFO	CarMaker_AV_Challenge #32	ave@ave-ofel 2023-03-24 16:06:47	(11.1 jetbrains@b979f2f8d573 2022-10-19 14:38:53)
SIM	1679923707	ave-ofel			0	0	0


SYSTEM_START	-	ave-ofel	ave-ofel	2023-03-27 22:29:29


SYSTEM_INFO	CarMaker_AV_Challenge #32	ave@ave-ofel 2023-03-24 16:06:47	(11.1 jetbrains@b979f2f8d573 2022-10-19 14:38:53)
SIM	1679923770	ave-ofel			0	0	0
SIM	1679923770	ave-ofel	ave	2023_Test_speedway	0	195.775	3211.94
SIM	1679923974	ave-ofel	ave	2023_Test_speedway	1	66.562	1042.18


SYSTEM_START	-	ave-ofel	ave-ofel	2023-03-27 22:35:49


SYSTEM_INFO	CarMaker_AV_Challenge #32	ave@ave-ofel 2023-03-24 16:06:47	(11.1 jetbrains@b979f2f8d573 2022-10-19 14:38:53)
SIM	1679924149	ave-ofel			0	0	0
SIM	1679924151	ave-ofel	ave	2023_Test_speedway	1	200.429	3282.95


SYSTEM_START	-	ave-ofel	ave-ofel	2023-03-27 22:39:49


SYSTEM_INFO	CarMaker_AV_Challenge #32	ave@ave-ofel 2023-03-24 16:06:47	(11.1 jetbrains@b979f2f8d573 2022-10-19 14:38:53)
SIM	1679924389	ave-ofel			0	0	0
SIM	1679924391	ave-ofel	ave	2023_Test_speedway	0	203.195	3336.39
SIM	1679924606	ave-ofel	ave	2023_Test_speedway	0	768.354	12198.4
SIM	1679925382	ave-ofel	ave	2023_Test_speedway	2	5396.43	86248.2


SYSTEM_START	-	ave-ofel	ave-ofel	2023-03-28 12:29:55


SYSTEM_INFO	CarMaker_AV_Challenge #32	ave@ave-ofel 2023-03-24 16:06:47	(11.1 jetbrains@b979f2f8d573 2022-10-19 14:38:53)
SIM	1679974195	ave-ofel			0	0	0
SIM	1679974198	ave-ofel	ave	2023_Test_speedway	0	34.283	623.531


SYSTEM_START	-	ave-ofel	ave-ofel	2023-03-28 12:31:35


SYSTEM_INFO	CarMaker_AV_Challenge #32	ave@ave-ofel 2023-03-24 16:06:47	(11.1 jetbrains@b979f2f8d573 2022-10-19 14:38:53)
SIM	1679974295	ave-ofel			0	0	0
SIM	1679974297	ave-ofel	ave	2023_Test_speedway	0	214.57	3473.16
SIM	1679974541	ave-ofel	ave	2023_Test_speedway	0	495.38	7883.83
SIM	1679975048	ave-ofel	ave	2023_Test_speedway	0	109.89	1663.7
SIM	1679975165	ave-ofel	ave	2023_Test_speedway	0	155.336	2403.52


SYSTEM_START	-	ave-ofel	ave-ofel	2023-03-28 12:49:07


SYSTEM_INFO	CarMaker_AV_Challenge #32	ave@ave-ofel 2023-03-24 16:06:47	(11.1 jetbrains@b979f2f8d573 2022-10-19 14:38:53)
SIM	1679975347	ave-ofel			0	0	0
SIM	1679975350	ave-ofel	ave	2023_Test_speedway	0	144.201	2183.53
SIM	1679975504	ave-ofel	ave	2023_Test_speedway	2	5396.43	86248.2
SIM	1679986307	ave-ofel	ave	2023_Test_speedway	0	133.557	2046


SYSTEM_START	-	ave-ofel	ave-ofel	2023-03-28 15:54:36


SYSTEM_INFO	CarMaker_AV_Challenge #32	ave@ave-ofel 2023-03-24 16:06:47	(11.1 jetbrains@b979f2f8d573 2022-10-19 14:38:53)
SIM	1679986476	ave-ofel			0	0	0
SIM	1679986478	ave-ofel	ave	2023_Test_speedway	0	3043.9	48704.7
SIM	1680007265	ave-ofel	ave	2023_Test_speedway	2	5396.43	86248.2
SIM	1680139581	ave-ofel	ave	2023_Test_speedway	2	5396.43	86248.2
SIM	1680145050	ave-ofel	ave	2023_Test_speedway	2	5396.43	86248.2
SIM	1680247844	ave-ofel	ave	2023_Test_speedway	0	4144.87	66379.7
SIM	1680252496	ave-ofel	ave	2023_Test_speedway	1	0	0
SIM	1680252508	ave-ofel	ave	2023_Test_speedway	1	0	0
SIM	1680252622	ave-ofel	ave	2023_Test_speedway	1	0	0


SYSTEM_START	-	ave-ofel	ave-ofel	2023-03-31 17:53:12


SYSTEM_INFO	CarMaker_AV_Challenge #32	ave@ave-ofel 2023-03-24 16:06:47	(11.1 jetbrains@b979f2f8d573 2022-10-19 14:38:53)
SIM	1680252792	ave-ofel			0	0	0
SIM	1680252794	ave-ofel	ave	2023_Test_speedway	2	5396.43	86248.2


SYSTEM_START	-	ave-ofel	ave-ofel	2023-03-31 19:49:05


SYSTEM_INFO	CarMaker_AV_Challenge #32	ave@ave-ofel 2023-03-24 16:06:47	(11.1 jetbrains@b979f2f8d573 2022-10-19 14:38:53)
SIM	1680259745	ave-ofel			0	0	0
SIM	1680259747	ave-ofel	ave	2023_Test_speedway	1	4512.07	72126.3


SYSTEM_START	-	ave-ofel	ave-ofel	2023-04-03 12:05:05


SYSTEM_INFO	CarMaker_AV_Challenge #32	ave@ave-ofel 2023-03-24 16:06:47	(11.1 jetbrains@b979f2f8d573 2022-10-19 14:38:53)
SIM	1680491105	ave-ofel			0	0	0
SIM	1680491107	ave-ofel	ave	2023_Test_speedway	0	381.601	6136.38
SIM	1680491504	ave-ofel	ave	2023_Test_speedway	0	159.163	2520.64
SIM	1680491675	ave-ofel	ave	2023_Test_speedway	0	1596.29	25389.5
